# JRE version: Java(TM) SE Runtime Environment (8.0_341-b10) (build 1.8.0_341-b10)
# Java VM: Java HotSpot(TM) 64-Bit Server VM (25.341-b10 mixed mode windows-amd64 compressed oops)
Heap:
 PSYoungGen      total 283648K, used 66504K [0x0000000716380000, 0x0000000728d80000, 0x00000007c0000000)
  eden space 262144K, 18% used [0x0000000716380000,0x00000007192d0090,0x0000000726380000)
  from space 21504K, 83% used [0x0000000727880000,0x0000000728a221a0,0x0000000728d80000)
  to   space 21504K, 0% used [0x0000000726380000,0x0000000726380000,0x0000000727880000)
 ParOldGen       total 348160K, used 24K [0x00000005c2a00000, 0x00000005d7e00000, 0x0000000716380000)
  object space 348160K, 0% used [0x00000005c2a00000,0x00000005c2a06000,0x00000005d7e00000)
 Metaspace       used 19039K, capacity 19708K, committed 19840K, reserved 1067008K
  class space    used 2164K, capacity 2318K, committed 2432K, reserved 1048576K
GC Heap History (4 events):
Event: 6.467 GC heap before
{Heap before GC invocations=1 (full 0):
 PSYoungGen      total 152576K, used 131072K [0x0000000716380000, 0x0000000720d80000, 0x00000007c0000000)
  eden space 131072K, 100% used [0x0000000716380000,0x000000071e380000,0x000000071e380000)
  from space 21504K, 0% used [0x000000071f880000,0x000000071f880000,0x0000000720d80000)
  to   space 21504K, 0% used [0x000000071e380000,0x000000071e380000,0x000000071f880000)
 ParOldGen       total 348160K, used 0K [0x00000005c2a00000, 0x00000005d7e00000, 0x0000000716380000)
  object space 348160K, 0% used [0x00000005c2a00000,0x00000005c2a00000,0x00000005d7e00000)
 Metaspace       used 15467K, capacity 15752K, committed 16128K, reserved 1062912K
  class space    used 1835K, capacity 1947K, committed 2048K, reserved 1048576K
Event: 6.674 GC heap after
Heap after GC invocations=1 (full 0):
 PSYoungGen      total 152576K, used 18033K [0x0000000716380000, 0x0000000728d80000, 0x00000007c0000000)
  eden space 131072K, 0% used [0x0000000716380000,0x0000000716380000,0x000000071e380000)
  from space 21504K, 83% used [0x000000071e380000,0x000000071f51c6e0,0x000000071f880000)
  to   space 21504K, 0% used [0x0000000727880000,0x0000000727880000,0x0000000728d80000)
 ParOldGen       total 348160K, used 24K [0x00000005c2a00000, 0x00000005d7e00000, 0x0000000716380000)
  object space 348160K, 0% used [0x00000005c2a00000,0x00000005c2a06000,0x00000005d7e00000)
 Metaspace       used 15467K, capacity 15752K, committed 16128K, reserved 1062912K
  class space    used 1835K, capacity 1947K, committed 2048K, reserved 1048576K
}
Event: 11.062 GC heap before
{Heap before GC invocations=2 (full 0):
 PSYoungGen      total 152576K, used 149105K [0x0000000716380000, 0x0000000728d80000, 0x00000007c0000000)
  eden space 131072K, 100% used [0x0000000716380000,0x000000071e380000,0x000000071e380000)
  from space 21504K, 83% used [0x000000071e380000,0x000000071f51c6e0,0x000000071f880000)
  to   space 21504K, 0% used [0x0000000727880000,0x0000000727880000,0x0000000728d80000)
 ParOldGen       total 348160K, used 24K [0x00000005c2a00000, 0x00000005d7e00000, 0x0000000716380000)
  object space 348160K, 0% used [0x00000005c2a00000,0x00000005c2a06000,0x00000005d7e00000)
 Metaspace       used 17618K, capacity 18124K, committed 18304K, reserved 1064960K
  class space    used 1998K, capacity 2131K, committed 2176K, reserved 1048576K
Event: 11.239 GC heap after
Heap after GC invocations=2 (full 0):
 PSYoungGen      total 283648K, used 18056K [0x0000000716380000, 0x0000000728d80000, 0x00000007c0000000)
  eden space 262144K, 0% used [0x0000000716380000,0x0000000716380000,0x0000000726380000)
  from space 21504K, 83% used [0x0000000727880000,0x0000000728a221a0,0x0000000728d80000)
  to   space 21504K, 0% used [0x0000000726380000,0x0000000726380000,0x0000000727880000)
 ParOldGen       total 348160K, used 24K [0x00000005c2a00000, 0x00000005d7e00000, 0x0000000716380000)
  object space 348160K, 0% used [0x00000005c2a00000,0x00000005c2a06000,0x00000005d7e00000)
 Metaspace       used 17618K, capacity 18124K, committed 18304K, reserved 1064960K
  class space    used 1998K, capacity 2131K, committed 2176K, reserved 1048576K
}

