# JRE version: Java(TM) SE Runtime Environment (8.0_341-b10) (build 1.8.0_341-b10)
# Java VM: Java HotSpot(TM) 64-Bit Server VM (25.341-b10 mixed mode windows-amd64 compressed oops)
Heap:
 PSYoungGen      total 283648K, used 61314K [0x0000000716380000, 0x0000000728d80000, 0x00000007c0000000)
  eden space 262144K, 16% used [0x0000000716380000,0x0000000718dd95b8,0x0000000726380000)
  from space 21504K, 83% used [0x0000000727880000,0x0000000728a073c0,0x0000000728d80000)
  to   space 21504K, 0% used [0x0000000726380000,0x0000000726380000,0x0000000727880000)
 ParOldGen       total 348160K, used 32K [0x00000005c2a00000, 0x00000005d7e00000, 0x0000000716380000)
  object space 348160K, 0% used [0x00000005c2a00000,0x00000005c2a08000,0x00000005d7e00000)
 Metaspace       used 19317K, capacity 20000K, committed 20096K, reserved 1067008K
  class space    used 2190K, capacity 2350K, committed 2432K, reserved 1048576K
GC Heap History (4 events):
Event: 6.863 GC heap before
{Heap before GC invocations=1 (full 0):
 PSYoungGen      total 152576K, used 131072K [0x0000000716380000, 0x0000000720d80000, 0x00000007c0000000)
  eden space 131072K, 100% used [0x0000000716380000,0x000000071e380000,0x000000071e380000)
  from space 21504K, 0% used [0x000000071f880000,0x000000071f880000,0x0000000720d80000)
  to   space 21504K, 0% used [0x000000071e380000,0x000000071e380000,0x000000071f880000)
 ParOldGen       total 348160K, used 0K [0x00000005c2a00000, 0x00000005d7e00000, 0x0000000716380000)
  object space 348160K, 0% used [0x00000005c2a00000,0x00000005c2a00000,0x00000005d7e00000)
 Metaspace       used 15576K, capacity 15880K, committed 16128K, reserved 1062912K
  class space    used 1841K, capacity 1947K, committed 2048K, reserved 1048576K
Event: 7.043 GC heap after
Heap after GC invocations=1 (full 0):
 PSYoungGen      total 152576K, used 18376K [0x0000000716380000, 0x0000000728d80000, 0x00000007c0000000)
  eden space 131072K, 0% used [0x0000000716380000,0x0000000716380000,0x000000071e380000)
  from space 21504K, 85% used [0x000000071e380000,0x000000071f572188,0x000000071f880000)
  to   space 21504K, 0% used [0x0000000727880000,0x0000000727880000,0x0000000728d80000)
 ParOldGen       total 348160K, used 24K [0x00000005c2a00000, 0x00000005d7e00000, 0x0000000716380000)
  object space 348160K, 0% used [0x00000005c2a00000,0x00000005c2a06000,0x00000005d7e00000)
 Metaspace       used 15576K, capacity 15880K, committed 16128K, reserved 1062912K
  class space    used 1841K, capacity 1947K, committed 2048K, reserved 1048576K
}
Event: 11.388 GC heap before
{Heap before GC invocations=2 (full 0):
 PSYoungGen      total 152576K, used 149448K [0x0000000716380000, 0x0000000728d80000, 0x00000007c0000000)
  eden space 131072K, 100% used [0x0000000716380000,0x000000071e380000,0x000000071e380000)
  from space 21504K, 85% used [0x000000071e380000,0x000000071f572188,0x000000071f880000)
  to   space 21504K, 0% used [0x0000000727880000,0x0000000727880000,0x0000000728d80000)
 ParOldGen       total 348160K, used 24K [0x00000005c2a00000, 0x00000005d7e00000, 0x0000000716380000)
  object space 348160K, 0% used [0x00000005c2a00000,0x00000005c2a06000,0x00000005d7e00000)
 Metaspace       used 17598K, capacity 18124K, committed 18304K, reserved 1064960K
  class space    used 1995K, capacity 2131K, committed 2176K, reserved 1048576K
Event: 11.566 GC heap after
Heap after GC invocations=2 (full 0):
 PSYoungGen      total 283648K, used 17948K [0x0000000716380000, 0x0000000728d80000, 0x00000007c0000000)
  eden space 262144K, 0% used [0x0000000716380000,0x0000000716380000,0x0000000726380000)
  from space 21504K, 83% used [0x0000000727880000,0x0000000728a073c0,0x0000000728d80000)
  to   space 21504K, 0% used [0x0000000726380000,0x0000000726380000,0x0000000727880000)
 ParOldGen       total 348160K, used 32K [0x00000005c2a00000, 0x00000005d7e00000, 0x0000000716380000)
  object space 348160K, 0% used [0x00000005c2a00000,0x00000005c2a08000,0x00000005d7e00000)
 Metaspace       used 17598K, capacity 18124K, committed 18304K, reserved 1064960K
  class space    used 1995K, capacity 2131K, committed 2176K, reserved 1048576K
}

